[    0.000000] Linux version 4.15.0-212-generic (buildd@lcy02-amd64-083) (gcc version 7.5.0 (Ubuntu 7.5.0-3ubuntu1~18.04)) #223-Ubuntu SMP Tue May 23 13:09:22 UTC 2023 (Ubuntu 4.15.0-212.223-generic 4.15.18)
[    0.000000] Command line: BOOT_IMAGE=/boot/vmlinuz-4.15.0-212-generic root=LABEL=cloudimg-rootfs ro console=tty1 console=ttyS0
[    0.000000] KERNEL supported cpus:
[    0.000000]   Intel GenuineIntel
[    0.000000]   AMD AuthenticAMD
[    0.000000]   Centaur CentaurHauls
[    0.000000] [Firmware Bug]: TSC doesn't count with P0 frequency!
[    0.000000] x86/fpu: x87 FPU will use FXSAVE
[    0.000000] e820: BIOS-provided physical RAM map:
[    0.000000] BIOS-e820: [mem 0x0000000000000000-0x000000000009fbff] usable
[    0.000000] BIOS-e820: [mem 0x000000000009fc00-0x000000000009ffff] reserved
[    0.000000] BIOS-e820: [mem 0x00000000000f0000-0x00000000000fffff] reserved
[    0.000000] BIOS-e820: [mem 0x0000000000100000-0x000000007cfeffff] usable
[    0.000000] BIOS-e820: [mem 0x000000007cff0000-0x000000007cffffff] ACPI data
[    0.000000] BIOS-e820: [mem 0x00000000fec00000-0x00000000fec00fff] reserved
[    0.000000] BIOS-e820: [mem 0x00000000fee00000-0x00000000fee00fff] reserved
[    0.000000] BIOS-e820: [mem 0x00000000fffc0000-0x00000000ffffffff] reserved
[    0.000000] NX (Execute Disable) protection: active
[    0.000000] SMBIOS 2.5 present.
[    0.000000] DMI: innotek GmbH VirtualBox/VirtualBox, BIOS VirtualBox 12/01/2006
[    0.000000] Hypervisor detected: KVM
[    0.000000] e820: last_pfn = 0x7cff0 max_arch_pfn = 0x400000000
[    0.000000] MTRR: Disabled
[    0.000000] x86/PAT: MTRRs disabled, skipping PAT initialization too.
[    0.000000] CPU MTRRs all blank - virtualized system.
[    0.000000] x86/PAT: Configuration [0-7]: WB  WT  UC- UC  WB  WT  UC- UC  
[    0.000000] found SMP MP-table at [mem 0x0009fff0-0x0009ffff]
[    0.000000] Scanning 1 areas for low memory corruption
[    0.000000] RAMDISK: [mem 0x359cb000-0x36cdcfff]
[    0.000000] ACPI: Early table checksum verification disabled
[    0.000000] ACPI: RSDP 0x00000000000E0000 000024 (v02 VBOX  )
[    0.000000] ACPI: XSDT 0x000000007CFF0030 00003C (v01 VBOX   VBOXXSDT 00000001 ASL  00000061)
[    0.000000] ACPI: FACP 0x000000007CFF00F0 0000F4 (v04 VBOX   VBOXFACP 00000001 ASL  00000061)
[    0.000000] ACPI: DSDT 0x000000007CFF0610 002353 (v02 VBOX   VBOXBIOS 00000002 INTL 20100528)
[    0.000000] ACPI: FACS 0x000000007CFF0200 000040
[    0.000000] ACPI: FACS 0x000000007CFF0200 000040
[    0.000000] ACPI: APIC 0x000000007CFF0240 00005C (v02 VBOX   VBOXAPIC 00000001 ASL  00000061)
[    0.000000] ACPI: SSDT 0x000000007CFF02A0 00036C (v01 VBOX   VBOXCPUT 00000002 INTL 20100528)
[    0.000000] ACPI: Reserving FACP table memory at [mem 0x7cff00f0-0x7cff01e3]
[    0.000000] ACPI: Reserving DSDT table memory at [mem 0x7cff0610-0x7cff2962]
[    0.000000] ACPI: Reserving FACS table memory at [mem 0x7cff0200-0x7cff023f]
[    0.000000] ACPI: Reserving FACS table memory at [mem 0x7cff0200-0x7cff023f]
[    0.000000] ACPI: Reserving APIC table memory at [mem 0x7cff0240-0x7cff029b]
[    0.000000] ACPI: Reserving SSDT table memory at [mem 0x7cff02a0-0x7cff060b]
[    0.000000] No NUMA configuration found
[    0.000000] Faking a node at [mem 0x0000000000000000-0x000000007cfeffff]
[    0.000000] NODE_DATA(0) allocated [mem 0x7cfc5000-0x7cfeffff]
[    0.000000] kvm-clock: cpu 0, msr 0:7cf44001, primary cpu clock
[    0.000000] kvm-clock: Using msrs 4b564d01 and 4b564d00
[    0.000000] kvm-clock: using sched offset of 3696481643 cycles
[    0.000000] clocksource: kvm-clock: mask: 0xffffffffffffffff max_cycles: 0x1cd42e4dffb, max_idle_ns: 881590591483 ns
[    0.000000] Zone ranges:
[    0.000000]   DMA      [mem 0x0000000000001000-0x0000000000ffffff]
[    0.000000]   DMA32    [mem 0x0000000001000000-0x000000007cfeffff]
[    0.000000]   Normal   empty
[    0.000000]   Device   empty
[    0.000000] Movable zone start for each node
[    0.000000] Early memory node ranges
[    0.000000]   node   0: [mem 0x0000000000001000-0x000000000009efff]
[    0.000000]   node   0: [mem 0x0000000000100000-0x000000007cfeffff]
[    0.000000] Reserved but unavailable: 104 pages
[    0.000000] Initmem setup node 0 [mem 0x0000000000001000-0x000000007cfeffff]
[    0.000000] ACPI: PM-Timer IO Port: 0x4008
[    0.000000] IOAPIC[0]: apic_id 2, version 32, address 0xfec00000, GSI 0-23
[    0.000000] ACPI: INT_SRC_OVR (bus 0 bus_irq 0 global_irq 2 dfl dfl)
[    0.000000] ACPI: INT_SRC_OVR (bus 0 bus_irq 9 global_irq 9 low level)
[    0.000000] Using ACPI (MADT) for SMP configuration information
[    0.000000] smpboot: Allowing 2 CPUs, 0 hotplug CPUs
[    0.000000] PM: Registered nosave memory: [mem 0x00000000-0x00000fff]
[    0.000000] PM: Registered nosave memory: [mem 0x0009f000-0x0009ffff]
[    0.000000] PM: Registered nosave memory: [mem 0x000a0000-0x000effff]
[    0.000000] PM: Registered nosave memory: [mem 0x000f0000-0x000fffff]
[    0.000000] e820: [mem 0x7d000000-0xfebfffff] available for PCI devices
[    0.000000] Booting paravirtualized kernel on KVM
[    0.000000] clocksource: refined-jiffies: mask: 0xffffffff max_cycles: 0xffffffff, max_idle_ns: 7645519600211568 ns
[    0.000000] setup_percpu: NR_CPUS:8192 nr_cpumask_bits:2 nr_cpu_ids:2 nr_node_ids:1
[    0.000000] percpu: Embedded 50 pages/cpu s167936 r8192 d28672 u1048576
[    0.000000] PV qspinlock hash table entries: 256 (order: 0, 4096 bytes)
[    0.000000] Built 1 zonelists, mobility grouping on.  Total pages: 503865
[    0.000000] Policy zone: DMA32
[    0.000000] Kernel command line: BOOT_IMAGE=/boot/vmlinuz-4.15.0-212-generic root=LABEL=cloudimg-rootfs ro console=tty1 console=ttyS0
[    0.000000] Memory: 1965684K/2047544K available (12300K kernel code, 2477K rwdata, 4324K rodata, 2480K init, 2720K bss, 81860K reserved, 0K cma-reserved)
[    0.000000] SLUB: HWalign=64, Order=0-3, MinObjects=0, CPUs=2, Nodes=1
[    0.000000] ftrace: allocating 39508 entries in 155 pages
[    0.004000] Hierarchical RCU implementation.
[    0.004000] 	RCU restricting CPUs from NR_CPUS=8192 to nr_cpu_ids=2.
[    0.004000] 	Tasks RCU enabled.
[    0.004000] RCU: Adjusting geometry for rcu_fanout_leaf=16, nr_cpu_ids=2
[    0.004000] NR_IRQS: 524544, nr_irqs: 440, preallocated irqs: 16
[    0.004000] random: crng init done
[    0.004000] Console: colour VGA+ 80x25
[    0.004000] console [tty1] enabled
[    0.004000] console [ttyS0] enabled
[    0.004000] ACPI: Core revision 20170831
[    0.004000] ACPI: 2 ACPI AML tables successfully acquired and loaded
[    0.004000] APIC: Switch to symmetric I/O mode setup
[    0.004000] ..TIMER: vector=0x30 apic1=0 pin1=2 apic2=-1 pin2=-1
[    0.004000] tsc: Detected 2994.376 MHz processor
[    0.004007] Calibrating delay loop (skipped) preset value.. 5988.75 BogoMIPS (lpj=11977504)
[    0.008004] pid_max: default: 32768 minimum: 301
[    0.012077] Security Framework initialized
[    0.016003] Yama: becoming mindful.
[    0.019119] AppArmor: AppArmor initialized
[    0.031686] Dentry cache hash table entries: 262144 (order: 9, 2097152 bytes)
[    0.038156] Inode-cache hash table entries: 131072 (order: 8, 1048576 bytes)
[    0.040143] Mount-cache hash table entries: 4096 (order: 3, 32768 bytes)
[    0.044122] Mountpoint-cache hash table entries: 4096 (order: 3, 32768 bytes)
[    0.049563] Last level iTLB entries: 4KB 1024, 2MB 1024, 4MB 512
[    0.052004] Last level dTLB entries: 4KB 2048, 2MB 2048, 4MB 1024, 1GB 0
[    0.056007] Spectre V1 : Mitigation: usercopy/swapgs barriers and __user pointer sanitization
[    0.060008] Spectre V2 : Mitigation: Retpolines
[    0.064003] Spectre V2 : Spectre v2 / SpectreRSB mitigation: Filling RSB on context switch
[    0.068004] Spectre V2 : Spectre v2 / SpectreRSB : Filling RSB on VMEXIT
[    0.072005] RETBleed: Vulnerable
[    0.076167] Freeing SMP alternatives memory: 36K
[    0.208005] APIC calibration not consistent with PM-Timer: 108ms instead of 100ms
[    0.212000] APIC delta adjusted to PM-Timer: 6446685 (6964072)
[    0.212403] smpboot: CPU0: AMD Ryzen 5 4600HS with Radeon Graphics (family: 0x17, model: 0x60, stepping: 0x1)
[    0.216000] Performance Events: PMU not available due to virtualization, using software events only.
[    0.216000] Hierarchical SRCU implementation.
[    0.216000] NMI watchdog: Perf event create on CPU 0 failed with -2
[    0.216000] NMI watchdog: Perf NMI watchdog permanently disabled
[    0.216000] smp: Bringing up secondary CPUs ...
[    0.216000] x86: Booting SMP configuration:
[    0.216000] .... node  #0, CPUs:      #1
[    0.004000] kvm-clock: cpu 1, msr 0:7cf44041, secondary cpu clock
[    0.232000] TSC synchronization [CPU#0 -> CPU#1]:
[    0.232000] Measured 158522 cycles TSC warp between CPUs, turning off TSC clock.
[    0.232000] tsc: Marking TSC unstable due to check_tsc_sync_source failed
[    0.236236] smp: Brought up 1 node, 2 CPUs
[    0.240006] smpboot: Max logical packages: 1
[    0.244004] smpboot: Total of 2 processors activated (11977.50 BogoMIPS)
[    0.252089] devtmpfs: initialized
[    0.256192] x86/mm: Memory block size: 128MB
[    0.260586] evm: security.selinux
[    0.264002] evm: security.SMACK64
[    0.266810] evm: security.SMACK64EXEC
[    0.268002] evm: security.SMACK64TRANSMUTE
[    0.272002] evm: security.SMACK64MMAP
[    0.276007] evm: security.apparmor
[    0.280002] evm: security.ima
[    0.284002] evm: security.capability
[    0.288904] clocksource: jiffies: mask: 0xffffffff max_cycles: 0xffffffff, max_idle_ns: 7645041785100000 ns
[    0.292110] futex hash table entries: 512 (order: 3, 32768 bytes)
[    0.296177] pinctrl core: initialized pinctrl subsystem
[    0.300641] RTC time: 13:39:23, date: 10/24/23
[    0.305429] NET: Registered protocol family 16
[    0.308196] audit: initializing netlink subsys (disabled)
[    0.312298] audit: type=2000 audit(1698154768.379:1): state=initialized audit_enabled=0 res=1
[    0.316098] cpuidle: using governor ladder
[    0.324073] cpuidle: using governor menu
[    0.333723] ACPI: bus type PCI registered
[    0.340004] acpiphp: ACPI Hot Plug PCI Controller Driver version: 0.5
[    0.348590] PCI: Using configuration type 1 for base access
[    0.356003] PCI: Using configuration type 1 for extended access
[    0.368751] HugeTLB registered 2.00 MiB page size, pre-allocated 0 pages
[    0.384302] ACPI: Added _OSI(Module Device)
[    0.392004] ACPI: Added _OSI(Processor Device)
[    0.396006] ACPI: Added _OSI(3.0 _SCP Extensions)
[    0.404004] ACPI: Added _OSI(Processor Aggregator Device)
[    0.412004] ACPI: Added _OSI(Linux-Dell-Video)
[    0.416005] ACPI: Added _OSI(Linux-Lenovo-NV-HDMI-Audio)
[    0.424004] ACPI: Added _OSI(Linux-HPI-Hybrid-Graphics)
[    0.432973] ACPI: Executed 1 blocks of module-level executable AML code
[    0.442484] ACPI: Interpreter enabled
[    0.448015] ACPI: (supports S0 S5)
[    0.452003] ACPI: Using IOAPIC for interrupt routing
[    0.456416] PCI: Using host bridge windows from ACPI; if necessary, use "pci=nocrs" and report a bug
[    0.464240] ACPI: Enabled 2 GPEs in block 00 to 07
[    0.481278] ACPI: PCI Root Bridge [PCI0] (domain 0000 [bus 00-ff])
[    0.484008] acpi PNP0A03:00: _OSC: OS supports [ExtendedConfig ASPM ClockPM Segments MSI]
[    0.493619] acpi PNP0A03:00: _OSC: platform does not support [PCIeCapability]
[    0.500785] acpi PNP0A03:00: _OSC: not requesting control; platform does not support [PCIeCapability]
[    0.508005] acpi PNP0A03:00: _OSC: OS requested [PCIeHotplug PME AER PCIeCapability]
[    0.516006] acpi PNP0A03:00: _OSC: platform willing to grant [PCIeHotplug PME AER]
[    0.524005] acpi PNP0A03:00: _OSC failed (AE_SUPPORT); disabling ASPM
[    0.528833] PCI host bridge to bus 0000:00
[    0.532004] pci_bus 0000:00: root bus resource [io  0x0000-0x0cf7 window]
[    0.540005] pci_bus 0000:00: root bus resource [io  0x0d00-0xffff window]
[    0.544035] pci_bus 0000:00: root bus resource [mem 0x000a0000-0x000bffff window]
[    0.552004] pci_bus 0000:00: root bus resource [mem 0x7d000000-0xfdffffff window]
[    0.560004] pci_bus 0000:00: root bus resource [bus 00-ff]
[    0.573166] pci 0000:00:01.1: legacy IDE quirk: reg 0x10: [io  0x01f0-0x01f7]
[    0.576005] pci 0000:00:01.1: legacy IDE quirk: reg 0x14: [io  0x03f6]
[    0.584004] pci 0000:00:01.1: legacy IDE quirk: reg 0x18: [io  0x0170-0x0177]
[    0.588006] pci 0000:00:01.1: legacy IDE quirk: reg 0x1c: [io  0x0376]
[    0.616172] pci 0000:00:07.0: quirk: [io  0x4000-0x403f] claimed by PIIX4 ACPI
[    0.620040] pci 0000:00:07.0: quirk: [io  0x4100-0x410f] claimed by PIIX4 SMB
[    0.642725] ACPI: PCI Interrupt Link [LNKA] (IRQs 5 9 10 *11)
[    0.648514] ACPI: PCI Interrupt Link [LNKB] (IRQs 5 9 *10 11)
[    0.652228] ACPI: PCI Interrupt Link [LNKC] (IRQs 5 *9 10 11)
[    0.656216] ACPI: PCI Interrupt Link [LNKD] (IRQs 5 9 10 *11)
[    0.664699] SCSI subsystem initialized
[    0.668182] pci 0000:00:02.0: vgaarb: setting as boot VGA device
[    0.672000] pci 0000:00:02.0: vgaarb: VGA device added: decodes=io+mem,owns=io+mem,locks=none
[    0.680005] pci 0000:00:02.0: vgaarb: bridge control possible
[    0.688004] vgaarb: loaded
[    0.690691] ACPI: bus type USB registered
[    0.692020] usbcore: registered new interface driver usbfs
[    0.696013] usbcore: registered new interface driver hub
[    0.704043] usbcore: registered new device driver usb
[    0.708195] EDAC MC: Ver: 3.0.0
[    0.716220] PCI: Using ACPI for IRQ routing
[    0.720851] NetLabel: Initializing
[    0.723826] NetLabel:  domain hash size = 128
[    0.724002] NetLabel:  protocols = UNLABELED CIPSOv4 CALIPSO
[    0.728069] NetLabel:  unlabeled traffic allowed by default
[    0.736261] clocksource: Switched to clocksource kvm-clock
[    0.781820] VFS: Disk quotas dquot_6.6.0
[    0.789112] VFS: Dquot-cache hash table entries: 512 (order 0, 4096 bytes)
[    0.796521] AppArmor: AppArmor Filesystem Enabled
[    0.800887] pnp: PnP ACPI init
[    0.805727] pnp: PnP ACPI: found 3 devices
[    0.846439] clocksource: acpi_pm: mask: 0xffffff max_cycles: 0xffffff, max_idle_ns: 2085701024 ns
[    0.854289] NET: Registered protocol family 2
[    0.859427] IP idents hash table entries: 32768 (order: 6, 262144 bytes)
[    0.865670] TCP established hash table entries: 16384 (order: 5, 131072 bytes)
[    0.872670] TCP bind hash table entries: 16384 (order: 6, 262144 bytes)
[    0.879683] TCP: Hash tables configured (established 16384 bind 16384)
[    0.886246] UDP hash table entries: 1024 (order: 3, 32768 bytes)
[    0.891954] UDP-Lite hash table entries: 1024 (order: 3, 32768 bytes)
[    0.898349] NET: Registered protocol family 1
[    0.902560] pci 0000:00:00.0: Limiting direct PCI/PCI transfers
[    0.908144] pci 0000:00:01.0: Activating ISA DMA hang workarounds
[    0.913961] pci 0000:00:02.0: Video device with shadowed ROM at [mem 0x000c0000-0x000dffff]
[    0.923264] Unpacking initramfs...
[    0.986226] Freeing initrd memory: 19528K
[    1.385764] clocksource: tsc: mask: 0xffffffffffffffff max_cycles: 0x2b2984d0609, max_idle_ns: 440795359805 ns
[    1.395533] platform rtc_cmos: registered platform RTC device (no PNP device found)
[    1.402484] Scanning for low memory corruption every 60 seconds
[    1.411239] Initialise system trusted keyrings
[    1.415462] Key type blacklist registered
[    1.420170] workingset: timestamp_bits=36 max_order=19 bucket_order=0
[    1.427897] zbud: loaded
[    1.432033] squashfs: version 4.0 (2009/01/31) Phillip Lougher
[    1.438439] fuse init (API version 7.26)
[    1.471406] Key type asymmetric registered
[    1.475385] Asymmetric key parser 'x509' registered
[    1.480156] Block layer SCSI generic (bsg) driver version 0.4 loaded (major 246)
[    1.487521] io scheduler noop registered
[    1.491831] io scheduler deadline registered
[    1.495573] io scheduler cfq registered (default)
[    1.501045] ACPI: AC Adapter [AC] (on-line)
[    1.505103] input: Power Button as /devices/LNXSYSTM:00/LNXPWRBN:00/input/input0
[    1.511735] ACPI: Power Button [PWRF]
[    1.515497] input: Sleep Button as /devices/LNXSYSTM:00/LNXSLPBN:00/input/input1
[    1.521683] ACPI: Sleep Button [SLPF]
[    1.527762] ACPI: Battery Slot [BAT0] (battery present)
[    1.528294] Serial: 8250/16550 driver, 32 ports, IRQ sharing enabled
[    1.565348] 00:02: ttyS0 at I/O 0x3f8 (irq = 4, base_baud = 115200) is a 16550A
[    1.587268] Linux agpgart interface v0.103
[    1.600904] loop: module loaded
[    1.605992] scsi host0: ata_piix
[    1.609965] scsi host1: ata_piix
[    1.613739] ata1: PATA max UDMA/33 cmd 0x1f0 ctl 0x3f6 bmdma 0xd000 irq 14
[    1.619886] ata2: PATA max UDMA/33 cmd 0x170 ctl 0x376 bmdma 0xd008 irq 15
[    1.627184] tun: Universal TUN/TAP device driver, 1.6
[    1.632667] PPP generic driver version 2.4.2
[    1.637463] ehci_hcd: USB 2.0 'Enhanced' Host Controller (EHCI) Driver
[    1.643604] ehci-pci: EHCI PCI platform driver
[    1.647947] ehci-platform: EHCI generic platform driver
[    1.652864] ohci_hcd: USB 1.1 'Open' Host Controller (OHCI) Driver
[    1.658809] ohci-pci: OHCI PCI platform driver
[    1.663061] ohci-platform: OHCI generic platform driver
[    1.667938] uhci_hcd: USB Universal Host Controller Interface driver
[    1.673756] i8042: PNP: PS/2 Controller [PNP0303:PS2K,PNP0f03:PS2M] at 0x60,0x64 irq 1,12
[    1.684600] serio: i8042 KBD port at 0x60,0x64 irq 1
[    1.689234] serio: i8042 AUX port at 0x60,0x64 irq 12
[    1.695186] mousedev: PS/2 mouse device common for all mice
[    1.702787] input: AT Translated Set 2 keyboard as /devices/platform/i8042/serio0/input/input2
[    1.705476] rtc_cmos rtc_cmos: rtc core: registered rtc_cmos as rtc0
[    1.716813] rtc_cmos rtc_cmos: alarms up to one day, 114 bytes nvram
[    1.723273] i2c /dev entries driver
[    1.726642] device-mapper: uevent: version 1.0.3
[    1.731207] device-mapper: ioctl: 4.37.0-ioctl (2017-09-20) initialised: dm-devel@redhat.com
[    1.738674] ledtrig-cpu: registered to indicate activity on CPUs
[    1.746776] NET: Registered protocol family 10
[    1.759273] Segment Routing with IPv6
[    1.762622] NET: Registered protocol family 17
[    1.767033] Key type dns_resolver registered
[    1.772829] mce: Using 0 MCE banks
[    1.776137] RAS: Correctable Errors collector initialized.
[    1.781394] sched_clock: Marking stable (1781338033, 0)->(2471079817, -689741784)
[    1.816685] registered taskstats version 1
[    1.821115] Loading compiled-in X.509 certificates
[    1.827787] Loaded X.509 cert 'Build time autogenerated kernel key: b5b26778eaa3ab3a4a6cee031137706e947d12ad'
[    1.836995] Loaded X.509 cert 'Canonical Ltd. Live Patch Signing: 14df34d1a87cf37625abec039ef2bf521249b969'
[    1.846064] Loaded X.509 cert 'Canonical Ltd. Kernel Module Signing: 88f752e560a1e0737e31163a466ad7b70a850c19'
[    1.854552] blacklist: Loading compiled-in revocation X.509 certificates
[    1.860771] Loaded X.509 cert 'Canonical Ltd. Secure Boot Signing: 61482aa2830d0ab2ad5af10b7250da9033ddcef0'
[    1.869414] Loaded X.509 cert 'Canonical Ltd. Secure Boot Signing (2017): 242ade75ac4a15e50d50c84b0d45ff3eae707a03'
[    1.878406] Loaded X.509 cert 'Canonical Ltd. Secure Boot Signing (ESM 2018): 365188c1d374d6b07c3c8f240f8ef722433d6a8b'
[    1.887862] Loaded X.509 cert 'Canonical Ltd. Secure Boot Signing (2019): c0746fd6c5da3ae827864651ad66ae47fe24b3e8'
[    1.896780] Loaded X.509 cert 'Canonical Ltd. Secure Boot Signing (2021 v1): a8d54bbb3825cfb94fa13c9f8a594a195c107b8d'
[    1.906064] Loaded X.509 cert 'Canonical Ltd. Secure Boot Signing (2021 v2): 4cf046892d6fd3c9a5b03f98d845f90851dc6a8c'
[    1.915065] Loaded X.509 cert 'Canonical Ltd. Secure Boot Signing (2021 v3): 100437bb6de6e469b581e61cd66bce3ef4ed53af'
[    1.924417] Loaded X.509 cert 'Canonical Ltd. Secure Boot Signing (Ubuntu Core 2019): c1d57b8f6b743f23ee41f4f7ee292f06eecadfb9'
[    1.934490] zswap: loaded using pool lzo/zbud
[    1.949219] Key type big_key registered
[    1.953070] Key type trusted registered
[    1.960685] Key type encrypted registered
[    1.964642] AppArmor: AppArmor sha1 policy hashing enabled
[    1.969765] ima: No TPM chip found, activating TPM-bypass! (rc=-19)
[    1.975407] ima: Allocated hash algorithm: sha1
[    1.979956] evm: HMAC attrs: 0x1
[    1.984521]   Magic number: 11:340:686
[    1.989009] rtc_cmos rtc_cmos: setting system clock to 2023-10-24 13:39:25 UTC (1698154765)
[    1.997469] BIOS EDD facility v0.16 2004-Jun-25, 0 devices found
[    2.002506] EDD information not available.
[    2.009989] Freeing unused kernel image memory: 2480K
[    2.035238] Write protecting the kernel read-only data: 20480k
[    2.042157] Freeing unused kernel image memory: 2008K
[    2.047175] Freeing unused kernel image memory: 1820K
[    2.057971] x86/mm: Checked W+X mappings: passed, no W+X pages found.
Loading, please wait...
starting version 237
[    2.154755] e1000: Intel(R) PRO/1000 Network Driver - version 7.3.21-k8-NAPI
[    2.161366] e1000: Copyright (c) 1999-2006 Intel Corporation.
[    2.166847] Fusion MPT base driver 3.04.20
[    2.170603] Copyright (c) 1999-2008 LSI Corporation
[    2.186453] Fusion MPT SPI Host driver 3.04.20
[    2.203211] SSE version of gcm_enc/dec engaged.
[    2.425425] input: ImExPS/2 Generic Explorer Mouse as /devices/platform/i8042/serio1/input/input4
[    2.813265] e1000 0000:00:03.0 eth0: (PCI:33MHz:32-bit) 02:3b:7b:b7:3b:2d
[    2.818897] e1000 0000:00:03.0 eth0: Intel(R) PRO/1000 Network Connection
[    2.826448] mptbase: ioc0: Initiating bringup
[    2.943686] ioc0: LSI53C1030 A0: Capabilities={Initiator}
[    3.202997] scsi host2: ioc0: LSI53C1030 A0, FwRev=00000000h, Ports=1, MaxQ=256, IRQ=20
[    3.378981] scsi 2:0:0:0: Direct-Access     VBOX     HARDDISK         1.0  PQ: 0 ANSI: 5
[    3.425054] scsi target2:0:0: Beginning Domain Validation
[    3.437314] scsi target2:0:0: Domain Validation skipping write tests
[    3.442633] scsi target2:0:0: Ending Domain Validation
[    3.447454] scsi target2:0:0: asynchronous
[    3.453966] scsi 2:0:1:0: Direct-Access     VBOX     HARDDISK         1.0  PQ: 0 ANSI: 5
[    3.876235] scsi target2:0:1: Beginning Domain Validation
[    3.892488] scsi target2:0:1: Domain Validation skipping write tests
[    3.897810] scsi target2:0:1: Ending Domain Validation
[    3.902548] scsi target2:0:1: asynchronous
[    3.919683] sd 2:0:0:0: Attached scsi generic sg0 type 0
[    3.925517] sd 2:0:1:0: Attached scsi generic sg1 type 0
[    3.931333] sd 2:0:0:0: [sda] 83886080 512-byte logical blocks: (42.9 GB/40.0 GiB)
[    3.937925] sd 2:0:1:0: [sdb] 20480 512-byte logical blocks: (10.5 MB/10.0 MiB)
[    3.944956] sd 2:0:0:0: [sda] Write Protect is off
[    3.949318] sd 2:0:1:0: [sdb] Write Protect is off
[    3.950684] sd 2:0:0:0: [sda] Incomplete mode parameter data
[    3.958146] sd 2:0:0:0: [sda] Assuming drive cache: write through
[    3.964445] sd 2:0:1:0: [sdb] Incomplete mode parameter data
[    3.968767]  sda: sda1
[    3.970162] sd 2:0:1:0: [sdb] Assuming drive cache: write through
[    3.974240] sd 2:0:0:0: [sda] Attached SCSI disk
[    3.997884] sd 2:0:1:0: [sdb] Attached SCSI disk
[    4.030215] e1000 0000:00:08.0 eth1: (PCI:33MHz:32-bit) 08:00:27:f8:d9:3a
[    4.036189] e1000 0000:00:08.0 eth1: Intel(R) PRO/1000 Network Connection
[    4.837527] e1000 0000:00:09.0 eth2: (PCI:33MHz:32-bit) 08:00:27:ce:36:6b
[    4.843275] e1000 0000:00:09.0 eth2: Intel(R) PRO/1000 Network Connection
[    4.851185] e1000 0000:00:08.0 enp0s8: renamed from eth1
[    4.877741] e1000 0000:00:09.0 enp0s9: renamed from eth2
